# JRE version: Java(TM) SE Runtime Environment (8.0_31-b13) (build 1.8.0_31-b13)
# Java VM: Java HotSpot(TM) 64-Bit Server VM (25.31-b07 mixed mode bsd-amd64 compressed oops)
Heap:
 PSYoungGen      total 1010176K, used 88363K [0x0000000780000000, 0x00000007bfa80000, 0x00000007c0000000)
  eden space 982528K, 8% used [0x0000000780000000,0x0000000785162dd0,0x00000007bbf80000)
  from space 27648K, 18% used [0x00000007bdf80000,0x00000007be468060,0x00000007bfa80000)
  to   space 30208K, 0% used [0x00000007bbf80000,0x00000007bbf80000,0x00000007bdd00000)
 ParOldGen       total 349696K, used 111175K [0x0000000700000000, 0x0000000715580000, 0x0000000780000000)
  object space 349696K, 31% used [0x0000000700000000,0x0000000706c91d68,0x0000000715580000)
 Metaspace       used 152489K, capacity 153410K, committed 153728K, reserved 1175552K
  class space    used 27489K, capacity 27775K, committed 27776K, reserved 1048576K
GC Heap History (10 events):
Event: 7496.201 GC heap before
{Heap before GC invocations=43 (full 11):
 PSYoungGen      total 998400K, used 192K [0x0000000780000000, 0x00000007bf500000, 0x00000007c0000000)
  eden space 962560K, 0% used [0x0000000780000000,0x0000000780000000,0x00000007bac00000)
  from space 35840K, 0% used [0x00000007bd200000,0x00000007bd230000,0x00000007bf500000)
  to   space 37376K, 0% used [0x00000007bac00000,0x00000007bac00000,0x00000007bd080000)
 ParOldGen       total 349696K, used 114797K [0x0000000700000000, 0x0000000715580000, 0x0000000780000000)
  object space 349696K, 32% used [0x0000000700000000,0x000000070701b660,0x0000000715580000)
 Metaspace       used 143791K, capacity 144684K, committed 145536K, reserved 1169408K
  class space    used 25973K, capacity 26230K, committed 26496K, reserved 1048576K
Event: 7496.542 GC heap after
Heap after GC invocations=43 (full 11):
 PSYoungGen      total 998400K, used 0K [0x0000000780000000, 0x00000007bf500000, 0x00000007c0000000)
  eden space 962560K, 0% used [0x0000000780000000,0x0000000780000000,0x00000007bac00000)
  from space 35840K, 0% used [0x00000007bd200000,0x00000007bd200000,0x00000007bf500000)
  to   space 37376K, 0% used [0x00000007bac00000,0x00000007bac00000,0x00000007bd080000)
 ParOldGen       total 349696K, used 111159K [0x0000000700000000, 0x0000000715580000, 0x0000000780000000)
  object space 349696K, 31% used [0x0000000700000000,0x0000000706c8dd68,0x0000000715580000)
 Metaspace       used 143791K, capacity 144684K, committed 145536K, reserved 1169408K
  class space    used 25973K, capacity 26230K, committed 26496K, reserved 1048576K
}
Event: 7497.255 GC heap before
{Heap before GC invocations=44 (full 11):
 PSYoungGen      total 998400K, used 962560K [0x0000000780000000, 0x00000007bf500000, 0x00000007c0000000)
  eden space 962560K, 100% used [0x0000000780000000,0x00000007bac00000,0x00000007bac00000)
  from space 35840K, 0% used [0x00000007bd200000,0x00000007bd200000,0x00000007bf500000)
  to   space 37376K, 0% used [0x00000007bac00000,0x00000007bac00000,0x00000007bd080000)
 ParOldGen       total 349696K, used 111159K [0x0000000700000000, 0x0000000715580000, 0x0000000780000000)
  object space 349696K, 31% used [0x0000000700000000,0x0000000706c8dd68,0x0000000715580000)
 Metaspace       used 144133K, capacity 145052K, committed 145536K, reserved 1169408K
  class space    used 25995K, capacity 26270K, committed 26496K, reserved 1048576K
Event: 7497.260 GC heap after
Heap after GC invocations=44 (full 11):
 PSYoungGen      total 999936K, used 3102K [0x0000000780000000, 0x00000007bfe80000, 0x00000007c0000000)
  eden space 962560K, 0% used [0x0000000780000000,0x0000000780000000,0x00000007bac00000)
  from space 37376K, 8% used [0x00000007bac00000,0x00000007baf07920,0x00000007bd080000)
  to   space 35840K, 0% used [0x00000007bdb80000,0x00000007bdb80000,0x00000007bfe80000)
 ParOldGen       total 349696K, used 111167K [0x0000000700000000, 0x0000000715580000, 0x0000000780000000)
  object space 349696K, 31% used [0x0000000700000000,0x0000000706c8fd68,0x0000000715580000)
 Metaspace       used 144133K, capacity 145052K, committed 145536K, reserved 1169408K
  class space    used 25995K, capacity 26270K, committed 26496K, reserved 1048576K
}
Event: 7497.409 GC heap before
{Heap before GC invocations=45 (full 11):
 PSYoungGen      total 999936K, used 965662K [0x0000000780000000, 0x00000007bfe80000, 0x00000007c0000000)
  eden space 962560K, 100% used [0x0000000780000000,0x00000007bac00000,0x00000007bac00000)
  from space 37376K, 8% used [0x00000007bac00000,0x00000007baf07920,0x00000007bd080000)
  to   space 35840K, 0% used [0x00000007bdb80000,0x00000007bdb80000,0x00000007bfe80000)
 ParOldGen       total 349696K, used 111167K [0x0000000700000000, 0x0000000715580000, 0x0000000780000000)
  object space 349696K, 31% used [0x0000000700000000,0x0000000706c8fd68,0x0000000715580000)
 Metaspace       used 144133K, capacity 145052K, committed 145536K, reserved 1169408K
  class space    used 25995K, capacity 26270K, committed 26496K, reserved 1048576K
Event: 7497.412 GC heap after
Heap after GC invocations=45 (full 11):
 PSYoungGen      total 1007104K, used 2851K [0x0000000780000000, 0x00000007bfa80000, 0x00000007c0000000)
  eden space 975360K, 0% used [0x0000000780000000,0x0000000780000000,0x00000007bb880000)
  from space 31744K, 8% used [0x00000007bdb80000,0x00000007bde48ec0,0x00000007bfa80000)
  to   space 33792K, 0% used [0x00000007bb880000,0x00000007bb880000,0x00000007bd980000)
 ParOldGen       total 349696K, used 111167K [0x0000000700000000, 0x0000000715580000, 0x0000000780000000)
  object space 349696K, 31% used [0x0000000700000000,0x0000000706c8fd68,0x0000000715580000)
 Metaspace       used 144133K, capacity 145052K, committed 145536K, reserved 1169408K
  class space    used 25995K, capacity 26270K, committed 26496K, reserved 1048576K
}
Event: 7497.597 GC heap before
{Heap before GC invocations=46 (full 11):
 PSYoungGen      total 1007104K, used 978211K [0x0000000780000000, 0x00000007bfa80000, 0x00000007c0000000)
  eden space 975360K, 100% used [0x0000000780000000,0x00000007bb880000,0x00000007bb880000)
  from space 31744K, 8% used [0x00000007bdb80000,0x00000007bde48ec0,0x00000007bfa80000)
  to   space 33792K, 0% used [0x00000007bb880000,0x00000007bb880000,0x00000007bd980000)
 ParOldGen       total 349696K, used 111167K [0x0000000700000000, 0x0000000715580000, 0x0000000780000000)
  object space 349696K, 31% used [0x0000000700000000,0x0000000706c8fd68,0x0000000715580000)
 Metaspace       used 144136K, capacity 145052K, committed 145536K, reserved 1169408K
  class space    used 25995K, capacity 26270K, committed 26496K, reserved 1048576K
Event: 7497.600 GC heap after
Heap after GC invocations=46 (full 11):
 PSYoungGen      total 1009152K, used 3267K [0x0000000780000000, 0x00000007bff00000, 0x00000007c0000000)
  eden space 975360K, 0% used [0x0000000780000000,0x0000000780000000,0x00000007bb880000)
  from space 33792K, 9% used [0x00000007bb880000,0x00000007bbbb0e48,0x00000007bd980000)
  to   space 32256K, 0% used [0x00000007bdf80000,0x00000007bdf80000,0x00000007bff00000)
 ParOldGen       total 349696K, used 111167K [0x0000000700000000, 0x0000000715580000, 0x0000000780000000)
  object space 349696K, 31% used [0x0000000700000000,0x0000000706c8fd68,0x0000000715580000)
 Metaspace       used 144136K, capacity 145052K, committed 145536K, reserved 1169408K
  class space    used 25995K, capacity 26270K, committed 26496K, reserved 1048576K
}
Event: 10140.858 GC heap before
{Heap before GC invocations=47 (full 11):
 PSYoungGen      total 1009152K, used 978627K [0x0000000780000000, 0x00000007bff00000, 0x00000007c0000000)
  eden space 975360K, 100% used [0x0000000780000000,0x00000007bb880000,0x00000007bb880000)
  from space 33792K, 9% used [0x00000007bb880000,0x00000007bbbb0e48,0x00000007bd980000)
  to   space 32256K, 0% used [0x00000007bdf80000,0x00000007bdf80000,0x00000007bff00000)
 ParOldGen       total 349696K, used 111167K [0x0000000700000000, 0x0000000715580000, 0x0000000780000000)
  object space 349696K, 31% used [0x0000000700000000,0x0000000706c8fd68,0x0000000715580000)
 Metaspace       used 152486K, capacity 153410K, committed 153728K, reserved 1175552K
  class space    used 27489K, capacity 27775K, committed 27776K, reserved 1048576K
Event: 10140.865 GC heap after
Heap after GC invocations=47 (full 11):
 PSYoungGen      total 1010176K, used 5024K [0x0000000780000000, 0x00000007bfa80000, 0x00000007c0000000)
  eden space 982528K, 0% used [0x0000000780000000,0x0000000780000000,0x00000007bbf80000)
  from space 27648K, 18% used [0x00000007bdf80000,0x00000007be468060,0x00000007bfa80000)
  to   space 30208K, 0% used [0x00000007bbf80000,0x00000007bbf80000,0x00000007bdd00000)
 ParOldGen       total 349696K, used 111175K [0x0000000700000000, 0x0000000715580000, 0x0000000780000000)
  object space 349696K, 31% used [0x0000000700000000,0x0000000706c91d68,0x0000000715580000)
 Metaspace       used 152486K, capacity 153410K, committed 153728K, reserved 1175552K
  class space    used 27489K, capacity 27775K, committed 27776K, reserved 1048576K
}

