# JRE version: Java(TM) SE Runtime Environment (8.0_31-b13) (build 1.8.0_31-b13)
# Java VM: Java HotSpot(TM) 64-Bit Server VM (25.31-b07 mixed mode bsd-amd64 compressed oops)
Heap:
 PSYoungGen      total 911872K, used 628218K [0x0000000780000000, 0x00000007c0000000, 0x00000007c0000000)
  eden space 794624K, 67% used [0x0000000780000000,0x00000007a09a3cf0,0x00000007b0800000)
  from space 117248K, 80% used [0x00000007b8d80000,0x00000007be95ad10,0x00000007c0000000)
  to   space 126976K, 0% used [0x00000007b0800000,0x00000007b0800000,0x00000007b8400000)
 ParOldGen       total 410624K, used 146796K [0x0000000700000000, 0x0000000719100000, 0x0000000780000000)
  object space 410624K, 35% used [0x0000000700000000,0x0000000708f5b260,0x0000000719100000)
 Metaspace       used 109450K, capacity 110032K, committed 110464K, reserved 1138688K
  class space    used 20338K, capacity 20499K, committed 20608K, reserved 1048576K
GC Heap History (10 events):
Event: 20.875 GC heap before
{Heap before GC invocations=13 (full 2):
 PSYoungGen      total 892416K, used 401086K [0x0000000780000000, 0x00000007c0000000, 0x00000007c0000000)
  eden space 822272K, 40% used [0x0000000780000000,0x0000000794335c50,0x00000007b2300000)
  from space 70144K, 99% used [0x00000007bbb80000,0x00000007bfff9e90,0x00000007c0000000)
  to   space 113152K, 0% used [0x00000007b2300000,0x00000007b2300000,0x00000007b9180000)
 ParOldGen       total 349696K, used 87074K [0x0000000700000000, 0x0000000715580000, 0x0000000780000000)
  object space 349696K, 24% used [0x0000000700000000,0x00000007055089d0,0x0000000715580000)
 Metaspace       used 96357K, capacity 96936K, committed 97024K, reserved 1128448K
  class space    used 18189K, capacity 18396K, committed 18432K, reserved 1048576K
Event: 20.923 GC heap after
Heap after GC invocations=13 (full 2):
 PSYoungGen      total 892928K, used 70632K [0x0000000780000000, 0x00000007c0000000, 0x00000007c0000000)
  eden space 822272K, 0% used [0x0000000780000000,0x0000000780000000,0x00000007b2300000)
  from space 70656K, 99% used [0x00000007b2300000,0x00000007b67fa158,0x00000007b6800000)
  to   space 116224K, 0% used [0x00000007b8e80000,0x00000007b8e80000,0x00000007c0000000)
 ParOldGen       total 349696K, used 110021K [0x0000000700000000, 0x0000000715580000, 0x0000000780000000)
  object space 349696K, 31% used [0x0000000700000000,0x0000000706b71500,0x0000000715580000)
 Metaspace       used 96357K, capacity 96936K, committed 97024K, reserved 1128448K
  class space    used 18189K, capacity 18396K, committed 18432K, reserved 1048576K
}
Event: 20.923 GC heap before
{Heap before GC invocations=14 (full 3):
 PSYoungGen      total 892928K, used 70632K [0x0000000780000000, 0x00000007c0000000, 0x00000007c0000000)
  eden space 822272K, 0% used [0x0000000780000000,0x0000000780000000,0x00000007b2300000)
  from space 70656K, 99% used [0x00000007b2300000,0x00000007b67fa158,0x00000007b6800000)
  to   space 116224K, 0% used [0x00000007b8e80000,0x00000007b8e80000,0x00000007c0000000)
 ParOldGen       total 349696K, used 110021K [0x0000000700000000, 0x0000000715580000, 0x0000000780000000)
  object space 349696K, 31% used [0x0000000700000000,0x0000000706b71500,0x0000000715580000)
 Metaspace       used 96357K, capacity 96936K, committed 97024K, reserved 1128448K
  class space    used 18189K, capacity 18396K, committed 18432K, reserved 1048576K
Event: 21.359 GC heap after
Heap after GC invocations=14 (full 3):
 PSYoungGen      total 892928K, used 0K [0x0000000780000000, 0x00000007c0000000, 0x00000007c0000000)
  eden space 822272K, 0% used [0x0000000780000000,0x0000000780000000,0x00000007b2300000)
  from space 70656K, 0% used [0x00000007b2300000,0x00000007b2300000,0x00000007b6800000)
  to   space 116224K, 0% used [0x00000007b8e80000,0x00000007b8e80000,0x00000007c0000000)
 ParOldGen       total 410624K, used 146772K [0x0000000700000000, 0x0000000719100000, 0x0000000780000000)
  object space 410624K, 35% used [0x0000000700000000,0x0000000708f55260,0x0000000719100000)
 Metaspace       used 96346K, capacity 96906K, committed 97024K, reserved 1128448K
  class space    used 18187K, capacity 18386K, committed 18432K, reserved 1048576K
}
Event: 34.414 GC heap before
{Heap before GC invocations=15 (full 3):
 PSYoungGen      total 892928K, used 822272K [0x0000000780000000, 0x00000007c0000000, 0x00000007c0000000)
  eden space 822272K, 100% used [0x0000000780000000,0x00000007b2300000,0x00000007b2300000)
  from space 70656K, 0% used [0x00000007b2300000,0x00000007b2300000,0x00000007b6800000)
  to   space 116224K, 0% used [0x00000007b8e80000,0x00000007b8e80000,0x00000007c0000000)
 ParOldGen       total 410624K, used 146772K [0x0000000700000000, 0x0000000719100000, 0x0000000780000000)
  object space 410624K, 35% used [0x0000000700000000,0x0000000708f55260,0x0000000719100000)
 Metaspace       used 101206K, capacity 101834K, committed 102016K, reserved 1132544K
  class space    used 18849K, capacity 19026K, committed 19072K, reserved 1048576K
Event: 34.510 GC heap after
Heap after GC invocations=15 (full 3):
 PSYoungGen      total 932352K, used 64149K [0x0000000780000000, 0x00000007c0000000, 0x00000007c0000000)
  eden space 816128K, 0% used [0x0000000780000000,0x0000000780000000,0x00000007b1d00000)
  from space 116224K, 55% used [0x00000007b8e80000,0x00000007bcd25698,0x00000007c0000000)
  to   space 116224K, 0% used [0x00000007b1d00000,0x00000007b1d00000,0x00000007b8e80000)
 ParOldGen       total 410624K, used 146780K [0x0000000700000000, 0x0000000719100000, 0x0000000780000000)
  object space 410624K, 35% used [0x0000000700000000,0x0000000708f57260,0x0000000719100000)
 Metaspace       used 101206K, capacity 101834K, committed 102016K, reserved 1132544K
  class space    used 18849K, capacity 19026K, committed 19072K, reserved 1048576K
}
Event: 41.035 GC heap before
{Heap before GC invocations=16 (full 3):
 PSYoungGen      total 932352K, used 880277K [0x0000000780000000, 0x00000007c0000000, 0x00000007c0000000)
  eden space 816128K, 100% used [0x0000000780000000,0x00000007b1d00000,0x00000007b1d00000)
  from space 116224K, 55% used [0x00000007b8e80000,0x00000007bcd25698,0x00000007c0000000)
  to   space 116224K, 0% used [0x00000007b1d00000,0x00000007b1d00000,0x00000007b8e80000)
 ParOldGen       total 410624K, used 146780K [0x0000000700000000, 0x0000000719100000, 0x0000000780000000)
  object space 410624K, 35% used [0x0000000700000000,0x0000000708f57260,0x0000000719100000)
 Metaspace       used 106121K, capacity 106704K, committed 107008K, reserved 1136640K
  class space    used 19710K, capacity 19859K, committed 19968K, reserved 1048576K
Event: 41.077 GC heap after
Heap after GC invocations=16 (full 3):
 PSYoungGen      total 885760K, used 69510K [0x0000000780000000, 0x00000007c0000000, 0x00000007c0000000)
  eden space 816128K, 0% used [0x0000000780000000,0x0000000780000000,0x00000007b1d00000)
  from space 69632K, 99% used [0x00000007b1d00000,0x00000007b60e1970,0x00000007b6100000)
  to   space 117248K, 0% used [0x00000007b8d80000,0x00000007b8d80000,0x00000007c0000000)
 ParOldGen       total 410624K, used 146788K [0x0000000700000000, 0x0000000719100000, 0x0000000780000000)
  object space 410624K, 35% used [0x0000000700000000,0x0000000708f59260,0x0000000719100000)
 Metaspace       used 106121K, capacity 106704K, committed 107008K, reserved 1136640K
  class space    used 19710K, capacity 19859K, committed 19968K, reserved 1048576K
}
Event: 48.492 GC heap before
{Heap before GC invocations=17 (full 3):
 PSYoungGen      total 885760K, used 885638K [0x0000000780000000, 0x00000007c0000000, 0x00000007c0000000)
  eden space 816128K, 100% used [0x0000000780000000,0x00000007b1d00000,0x00000007b1d00000)
  from space 69632K, 99% used [0x00000007b1d00000,0x00000007b60e1970,0x00000007b6100000)
  to   space 117248K, 0% used [0x00000007b8d80000,0x00000007b8d80000,0x00000007c0000000)
 ParOldGen       total 410624K, used 146788K [0x0000000700000000, 0x0000000719100000, 0x0000000780000000)
  object space 410624K, 35% used [0x0000000700000000,0x0000000708f59260,0x0000000719100000)
 Metaspace       used 108632K, capacity 109200K, committed 109568K, reserved 1138688K
  class space    used 20212K, capacity 20371K, committed 20480K, reserved 1048576K
Event: 48.552 GC heap after
Heap after GC invocations=17 (full 3):
 PSYoungGen      total 911872K, used 94059K [0x0000000780000000, 0x00000007c0000000, 0x00000007c0000000)
  eden space 794624K, 0% used [0x0000000780000000,0x0000000780000000,0x00000007b0800000)
  from space 117248K, 80% used [0x00000007b8d80000,0x00000007be95ad10,0x00000007c0000000)
  to   space 126976K, 0% used [0x00000007b0800000,0x00000007b0800000,0x00000007b8400000)
 ParOldGen       total 410624K, used 146796K [0x0000000700000000, 0x0000000719100000, 0x0000000780000000)
  object space 410624K, 35% used [0x0000000700000000,0x0000000708f5b260,0x0000000719100000)
 Metaspace       used 108632K, capacity 109200K, committed 109568K, reserved 1138688K
  class space    used 20212K, capacity 20371K, committed 20480K, reserved 1048576K
}

