# JRE version: Java(TM) SE Runtime Environment (8.0_31-b13) (build 1.8.0_31-b13)
# Java VM: Java HotSpot(TM) 64-Bit Server VM (25.31-b07 mixed mode bsd-amd64 compressed oops)
Heap:
 PSYoungGen      total 456192K, used 433907K [0x0000000780000000, 0x00000007adf80000, 0x00000007c0000000)
  eden space 401408K, 100% used [0x0000000780000000,0x0000000798800000,0x0000000798800000)
  from space 54784K, 59% used [0x0000000798800000,0x000000079a7bcc78,0x000000079bd80000)
  to   space 55296K, 63% used [0x00000007aa980000,0x00000007acbc8fb8,0x00000007adf80000)
 ParOldGen       total 2097152K, used 61149K [0x0000000700000000, 0x0000000780000000, 0x0000000780000000)
  object space 2097152K, 2% used [0x0000000700000000,0x0000000703bb76d8,0x0000000780000000)
 Metaspace       used 69796K, capacity 70288K, committed 70528K, reserved 1105920K
  class space    used 13242K, capacity 13396K, committed 13440K, reserved 1048576K
GC Heap History (10 events):
Event: 26.441 GC heap after
Heap after GC invocations=11 (full 2):
 PSYoungGen      total 186368K, used 16432K [0x0000000780000000, 0x0000000796700000, 0x00000007c0000000)
  eden space 125440K, 0% used [0x0000000780000000,0x0000000780000000,0x0000000787a80000)
  from space 60928K, 26% used [0x0000000787a80000,0x0000000788a8c010,0x000000078b600000)
  to   space 58368K, 0% used [0x0000000792e00000,0x0000000792e00000,0x0000000796700000)
 ParOldGen       total 349696K, used 12541K [0x0000000700000000, 0x0000000715580000, 0x0000000780000000)
  object space 349696K, 3% used [0x0000000700000000,0x0000000700c3f5b8,0x0000000715580000)
 Metaspace       used 57842K, capacity 58212K, committed 58368K, reserved 1097728K
  class space    used 10843K, capacity 10950K, committed 11008K, reserved 1048576K
}
Event: 26.684 GC heap before
{Heap before GC invocations=12 (full 2):
 PSYoungGen      total 186368K, used 141872K [0x0000000780000000, 0x0000000796700000, 0x00000007c0000000)
  eden space 125440K, 100% used [0x0000000780000000,0x0000000787a80000,0x0000000787a80000)
  from space 60928K, 26% used [0x0000000787a80000,0x0000000788a8c010,0x000000078b600000)
  to   space 58368K, 0% used [0x0000000792e00000,0x0000000792e00000,0x0000000796700000)
 ParOldGen       total 349696K, used 12541K [0x0000000700000000, 0x0000000715580000, 0x0000000780000000)
  object space 349696K, 3% used [0x0000000700000000,0x0000000700c3f5b8,0x0000000715580000)
 Metaspace       used 57858K, capacity 58212K, committed 58368K, reserved 1097728K
  class space    used 10843K, capacity 10950K, committed 11008K, reserved 1048576K
Event: 26.698 GC heap after
Heap after GC invocations=12 (full 2):
 PSYoungGen      total 305152K, used 16560K [0x0000000780000000, 0x0000000796300000, 0x00000007c0000000)
  eden space 250880K, 0% used [0x0000000780000000,0x0000000780000000,0x000000078f500000)
  from space 54272K, 30% used [0x0000000792e00000,0x0000000793e2c010,0x0000000796300000)
  to   space 56320K, 0% used [0x000000078f500000,0x000000078f500000,0x0000000792c00000)
 ParOldGen       total 349696K, used 12541K [0x0000000700000000, 0x0000000715580000, 0x0000000780000000)
  object space 349696K, 3% used [0x0000000700000000,0x0000000700c3f5b8,0x0000000715580000)
 Metaspace       used 57858K, capacity 58212K, committed 58368K, reserved 1097728K
  class space    used 10843K, capacity 10950K, committed 11008K, reserved 1048576K
}
Event: 27.335 GC heap before
{Heap before GC invocations=13 (full 2):
 PSYoungGen      total 305152K, used 267440K [0x0000000780000000, 0x0000000796300000, 0x00000007c0000000)
  eden space 250880K, 100% used [0x0000000780000000,0x000000078f500000,0x000000078f500000)
  from space 54272K, 30% used [0x0000000792e00000,0x0000000793e2c010,0x0000000796300000)
  to   space 56320K, 0% used [0x000000078f500000,0x000000078f500000,0x0000000792c00000)
 ParOldGen       total 349696K, used 12541K [0x0000000700000000, 0x0000000715580000, 0x0000000780000000)
  object space 349696K, 3% used [0x0000000700000000,0x0000000700c3f5b8,0x0000000715580000)
 Metaspace       used 57901K, capacity 58276K, committed 58624K, reserved 1097728K
  class space    used 10843K, capacity 10950K, committed 11008K, reserved 1048576K
Event: 27.348 GC heap after
Heap after GC invocations=13 (full 2):
 PSYoungGen      total 307200K, used 8224K [0x0000000780000000, 0x000000079f500000, 0x00000007c0000000)
  eden space 250880K, 0% used [0x0000000780000000,0x0000000780000000,0x000000078f500000)
  from space 56320K, 14% used [0x000000078f500000,0x000000078fd08000,0x0000000792c00000)
  to   space 55808K, 0% used [0x000000079be80000,0x000000079be80000,0x000000079f500000)
 ParOldGen       total 349696K, used 24403K [0x0000000700000000, 0x0000000715580000, 0x0000000780000000)
  object space 349696K, 6% used [0x0000000700000000,0x00000007017d4f28,0x0000000715580000)
 Metaspace       used 57901K, capacity 58276K, committed 58624K, reserved 1097728K
  class space    used 10843K, capacity 10950K, committed 11008K, reserved 1048576K
}
Event: 28.042 GC heap before
{Heap before GC invocations=14 (full 2):
 PSYoungGen      total 307200K, used 259104K [0x0000000780000000, 0x000000079f500000, 0x00000007c0000000)
  eden space 250880K, 100% used [0x0000000780000000,0x000000078f500000,0x000000078f500000)
  from space 56320K, 14% used [0x000000078f500000,0x000000078fd08000,0x0000000792c00000)
  to   space 55808K, 0% used [0x000000079be80000,0x000000079be80000,0x000000079f500000)
 ParOldGen       total 349696K, used 24403K [0x0000000700000000, 0x0000000715580000, 0x0000000780000000)
  object space 349696K, 6% used [0x0000000700000000,0x00000007017d4f28,0x0000000715580000)
 Metaspace       used 58081K, capacity 58436K, committed 58624K, reserved 1097728K
  class space    used 10870K, capacity 10982K, committed 11008K, reserved 1048576K
Event: 28.055 GC heap after
Heap after GC invocations=14 (full 2):
 PSYoungGen      total 455168K, used 10096K [0x0000000780000000, 0x000000079f300000, 0x00000007c0000000)
  eden space 401408K, 0% used [0x0000000780000000,0x0000000780000000,0x0000000798800000)
  from space 53760K, 18% used [0x000000079be80000,0x000000079c85c010,0x000000079f300000)
  to   space 54784K, 0% used [0x0000000798800000,0x0000000798800000,0x000000079bd80000)
 ParOldGen       total 349696K, used 27751K [0x0000000700000000, 0x0000000715580000, 0x0000000780000000)
  object space 349696K, 7% used [0x0000000700000000,0x0000000701b19f38,0x0000000715580000)
 Metaspace       used 58081K, capacity 58436K, committed 58624K, reserved 1097728K
  class space    used 10870K, capacity 10982K, committed 11008K, reserved 1048576K
}
Event: 31.106 GC heap before
{Heap before GC invocations=15 (full 2):
 PSYoungGen      total 455168K, used 411504K [0x0000000780000000, 0x000000079f300000, 0x00000007c0000000)
  eden space 401408K, 100% used [0x0000000780000000,0x0000000798800000,0x0000000798800000)
  from space 53760K, 18% used [0x000000079be80000,0x000000079c85c010,0x000000079f300000)
  to   space 54784K, 0% used [0x0000000798800000,0x0000000798800000,0x000000079bd80000)
 ParOldGen       total 349696K, used 27751K [0x0000000700000000, 0x0000000715580000, 0x0000000780000000)
  object space 349696K, 7% used [0x0000000700000000,0x0000000701b19f38,0x0000000715580000)
 Metaspace       used 67751K, capacity 68268K, committed 68352K, reserved 1103872K
  class space    used 12832K, capacity 13006K, committed 13056K, reserved 1048576K
Event: 31.139 GC heap after
Heap after GC invocations=15 (full 2):
 PSYoungGen      total 456192K, used 32499K [0x0000000780000000, 0x00000007adf80000, 0x00000007c0000000)
  eden space 401408K, 0% used [0x0000000780000000,0x0000000780000000,0x0000000798800000)
  from space 54784K, 59% used [0x0000000798800000,0x000000079a7bcc78,0x000000079bd80000)
  to   space 55296K, 0% used [0x00000007aa980000,0x00000007aa980000,0x00000007adf80000)
 ParOldGen       total 349696K, used 36380K [0x0000000700000000, 0x0000000715580000, 0x0000000780000000)
  object space 349696K, 10% used [0x0000000700000000,0x0000000702387118,0x0000000715580000)
 Metaspace       used 67751K, capacity 68268K, committed 68352K, reserved 1103872K
  class space    used 12832K, capacity 13006K, committed 13056K, reserved 1048576K
}
Event: 33.314 GC heap before
{Heap before GC invocations=16 (full 2):
 PSYoungGen      total 456192K, used 433907K [0x0000000780000000, 0x00000007adf80000, 0x00000007c0000000)
  eden space 401408K, 100% used [0x0000000780000000,0x0000000798800000,0x0000000798800000)
  from space 54784K, 59% used [0x0000000798800000,0x000000079a7bcc78,0x000000079bd80000)
  to   space 55296K, 0% used [0x00000007aa980000,0x00000007aa980000,0x00000007adf80000)
 ParOldGen       total 349696K, used 36380K [0x0000000700000000, 0x0000000715580000, 0x0000000780000000)
  object space 349696K, 10% used [0x0000000700000000,0x0000000702387118,0x0000000715580000)
 Metaspace       used 69796K, capacity 70288K, committed 70528K, reserved 1105920K
  class space    used 13242K, capacity 13396K, committed 13440K, reserved 1048576K

