# JRE version: Java(TM) SE Runtime Environment (8.0_31-b13) (build 1.8.0_31-b13)
# Java VM: Java HotSpot(TM) 64-Bit Server VM (25.31-b07 mixed mode bsd-amd64 compressed oops)
Heap:
 PSYoungGen      total 321024K, used 19920K [0x0000000780000000, 0x0000000798600000, 0x00000007c0000000)
  eden space 258048K, 7% used [0x0000000780000000,0x0000000781374138,0x000000078fc00000)
  from space 62976K, 0% used [0x0000000793e80000,0x0000000793e80000,0x0000000797c00000)
  to   space 68096K, 0% used [0x000000078fc00000,0x000000078fc00000,0x0000000793e80000)
 ParOldGen       total 349696K, used 49244K [0x0000000700000000, 0x0000000715580000, 0x0000000780000000)
  object space 349696K, 14% used [0x0000000700000000,0x0000000703017210,0x0000000715580000)
 Metaspace       used 68507K, capacity 68902K, committed 70400K, reserved 1105920K
  class space    used 13214K, capacity 13370K, committed 13824K, reserved 1048576K
GC Heap History (10 events):
Event: 5.718 GC heap before
{Heap before GC invocations=8 (full 2):
 PSYoungGen      total 153088K, used 142353K [0x0000000780000000, 0x000000078aa80000, 0x00000007c0000000)
  eden space 131584K, 100% used [0x0000000780000000,0x0000000788080000,0x0000000788080000)
  from space 21504K, 50% used [0x0000000788080000,0x0000000788b04440,0x0000000789580000)
  to   space 21504K, 0% used [0x0000000789580000,0x0000000789580000,0x000000078aa80000)
 ParOldGen       total 349696K, used 12880K [0x0000000700000000, 0x0000000715580000, 0x0000000780000000)
  object space 349696K, 3% used [0x0000000700000000,0x0000000700c940e0,0x0000000715580000)
 Metaspace       used 47579K, capacity 48026K, committed 48128K, reserved 1087488K
  class space    used 9067K, capacity 9215K, committed 9216K, reserved 1048576K
Event: 5.739 GC heap after
Heap after GC invocations=8 (full 2):
 PSYoungGen      total 153088K, used 21489K [0x0000000780000000, 0x0000000792b00000, 0x00000007c0000000)
  eden space 131584K, 0% used [0x0000000780000000,0x0000000780000000,0x0000000788080000)
  from space 21504K, 99% used [0x0000000789580000,0x000000078aa7c6d0,0x000000078aa80000)
  to   space 21504K, 0% used [0x0000000788080000,0x0000000788080000,0x0000000789580000)
 ParOldGen       total 349696K, used 29037K [0x0000000700000000, 0x0000000715580000, 0x0000000780000000)
  object space 349696K, 8% used [0x0000000700000000,0x0000000701c5b4e8,0x0000000715580000)
 Metaspace       used 47579K, capacity 48026K, committed 48128K, reserved 1087488K
  class space    used 9067K, capacity 9215K, committed 9216K, reserved 1048576K
}
Event: 6.959 GC heap before
{Heap before GC invocations=9 (full 2):
 PSYoungGen      total 153088K, used 153073K [0x0000000780000000, 0x0000000792b00000, 0x00000007c0000000)
  eden space 131584K, 100% used [0x0000000780000000,0x0000000788080000,0x0000000788080000)
  from space 21504K, 99% used [0x0000000789580000,0x000000078aa7c6d0,0x000000078aa80000)
  to   space 21504K, 0% used [0x0000000788080000,0x0000000788080000,0x0000000789580000)
 ParOldGen       total 349696K, used 29037K [0x0000000700000000, 0x0000000715580000, 0x0000000780000000)
  object space 349696K, 8% used [0x0000000700000000,0x0000000701c5b4e8,0x0000000715580000)
 Metaspace       used 53278K, capacity 53798K, committed 54016K, reserved 1093632K
  class space    used 10214K, capacity 10375K, committed 10496K, reserved 1048576K
Event: 7.001 GC heap after
Heap after GC invocations=9 (full 2):
 PSYoungGen      total 153088K, used 21498K [0x0000000780000000, 0x0000000797c00000, 0x00000007c0000000)
  eden space 131584K, 0% used [0x0000000780000000,0x0000000780000000,0x0000000788080000)
  from space 21504K, 99% used [0x0000000788080000,0x000000078957e880,0x0000000789580000)
  to   space 62976K, 0% used [0x0000000793e80000,0x0000000793e80000,0x0000000797c00000)
 ParOldGen       total 349696K, used 79990K [0x0000000700000000, 0x0000000715580000, 0x0000000780000000)
  object space 349696K, 22% used [0x0000000700000000,0x0000000704e1dbd0,0x0000000715580000)
 Metaspace       used 53278K, capacity 53798K, committed 54016K, reserved 1093632K
  class space    used 10214K, capacity 10375K, committed 10496K, reserved 1048576K
}
Event: 9.116 GC heap before
{Heap before GC invocations=10 (full 2):
 PSYoungGen      total 153088K, used 153082K [0x0000000780000000, 0x0000000797c00000, 0x00000007c0000000)
  eden space 131584K, 100% used [0x0000000780000000,0x0000000788080000,0x0000000788080000)
  from space 21504K, 99% used [0x0000000788080000,0x000000078957e880,0x0000000789580000)
  to   space 62976K, 0% used [0x0000000793e80000,0x0000000793e80000,0x0000000797c00000)
 ParOldGen       total 349696K, used 79990K [0x0000000700000000, 0x0000000715580000, 0x0000000780000000)
  object space 349696K, 22% used [0x0000000700000000,0x0000000704e1dbd0,0x0000000715580000)
 Metaspace       used 61231K, capacity 61816K, committed 62080K, reserved 1099776K
  class space    used 11825K, capacity 12048K, committed 12160K, reserved 1048576K
Event: 9.148 GC heap after
Heap after GC invocations=10 (full 2):
 PSYoungGen      total 321024K, used 46711K [0x0000000780000000, 0x0000000798600000, 0x00000007c0000000)
  eden space 258048K, 0% used [0x0000000780000000,0x0000000780000000,0x000000078fc00000)
  from space 62976K, 74% used [0x0000000793e80000,0x0000000796c1de98,0x0000000797c00000)
  to   space 68096K, 0% used [0x000000078fc00000,0x000000078fc00000,0x0000000793e80000)
 ParOldGen       total 349696K, used 79998K [0x0000000700000000, 0x0000000715580000, 0x0000000780000000)
  object space 349696K, 22% used [0x0000000700000000,0x0000000704e1fbd0,0x0000000715580000)
 Metaspace       used 61231K, capacity 61816K, committed 62080K, reserved 1099776K
  class space    used 11825K, capacity 12048K, committed 12160K, reserved 1048576K
}
Event: 10.645 GC heap before
{Heap before GC invocations=11 (full 2):
 PSYoungGen      total 321024K, used 304759K [0x0000000780000000, 0x0000000798600000, 0x00000007c0000000)
  eden space 258048K, 100% used [0x0000000780000000,0x000000078fc00000,0x000000078fc00000)
  from space 62976K, 74% used [0x0000000793e80000,0x0000000796c1de98,0x0000000797c00000)
  to   space 68096K, 0% used [0x000000078fc00000,0x000000078fc00000,0x0000000793e80000)
 ParOldGen       total 349696K, used 79998K [0x0000000700000000, 0x0000000715580000, 0x0000000780000000)
  object space 349696K, 22% used [0x0000000700000000,0x0000000704e1fbd0,0x0000000715580000)
 Metaspace       used 69573K, capacity 70180K, committed 70400K, reserved 1105920K
  class space    used 13518K, capacity 13752K, committed 13824K, reserved 1048576K
Event: 10.748 GC heap after
Heap after GC invocations=11 (full 2):
 PSYoungGen      total 321024K, used 304759K [0x0000000780000000, 0x0000000798600000, 0x00000007c0000000)
  eden space 258048K, 100% used [0x0000000780000000,0x000000078fc00000,0x000000078fc00000)
  from space 62976K, 74% used [0x0000000793e80000,0x0000000796c1de98,0x0000000797c00000)
  to   space 68096K, 81% used [0x000000078fc00000,0x0000000793202a00,0x0000000793e80000)
 ParOldGen       total 2097152K, used 80006K [0x0000000700000000, 0x0000000780000000, 0x0000000780000000)
  object space 2097152K, 3% used [0x0000000700000000,0x0000000704e21bd0,0x0000000780000000)
 Metaspace       used 69573K, capacity 70180K, committed 70400K, reserved 1105920K
  class space    used 13518K, capacity 13752K, committed 13824K, reserved 1048576K
}
Event: 10.748 GC heap before
{Heap before GC invocations=12 (full 3):
 PSYoungGen      total 321024K, used 304759K [0x0000000780000000, 0x0000000798600000, 0x00000007c0000000)
  eden space 258048K, 100% used [0x0000000780000000,0x000000078fc00000,0x000000078fc00000)
  from space 62976K, 74% used [0x0000000793e80000,0x0000000796c1de98,0x0000000797c00000)
  to   space 68096K, 81% used [0x000000078fc00000,0x0000000793202a00,0x0000000793e80000)
 ParOldGen       total 2097152K, used 80006K [0x0000000700000000, 0x0000000780000000, 0x0000000780000000)
  object space 2097152K, 3% used [0x0000000700000000,0x0000000704e21bd0,0x0000000780000000)
 Metaspace       used 69573K, capacity 70180K, committed 70400K, reserved 1105920K
  class space    used 13518K, capacity 13752K, committed 13824K, reserved 1048576K
Event: 11.016 GC heap after
Heap after GC invocations=12 (full 3):
 PSYoungGen      total 321024K, used 0K [0x0000000780000000, 0x0000000798600000, 0x00000007c0000000)
  eden space 258048K, 0% used [0x0000000780000000,0x0000000780000000,0x000000078fc00000)
  from space 62976K, 0% used [0x0000000793e80000,0x0000000793e80000,0x0000000797c00000)
  to   space 68096K, 0% used [0x000000078fc00000,0x000000078fc00000,0x0000000793e80000)
 ParOldGen       total 349696K, used 49244K [0x0000000700000000, 0x0000000715580000, 0x0000000780000000)
  object space 349696K, 14% used [0x0000000700000000,0x0000000703017210,0x0000000715580000)
 Metaspace       used 68391K, capacity 68838K, committed 70400K, reserved 1105920K
  class space    used 13199K, capacity 13370K, committed 13824K, reserved 1048576K
}

