# JRE version: Java(TM) SE Runtime Environment (8.0_31-b13) (build 1.8.0_31-b13)
# Java VM: Java HotSpot(TM) 64-Bit Server VM (25.31-b07 mixed mode bsd-amd64 compressed oops)
Heap:
 PSYoungGen      total 547840K, used 96K [0x0000000780000000, 0x00000007a2c00000, 0x00000007c0000000)
  eden space 526336K, 0% used [0x0000000780000000,0x0000000780000000,0x00000007a0200000)
  from space 21504K, 0% used [0x00000007a0200000,0x00000007a0218000,0x00000007a1700000)
  to   space 21504K, 0% used [0x00000007a1700000,0x00000007a1700000,0x00000007a2c00000)
 ParOldGen       total 349696K, used 14334K [0x0000000700000000, 0x0000000715580000, 0x0000000780000000)
  object space 349696K, 4% used [0x0000000700000000,0x0000000700dffb18,0x0000000715580000)
 Metaspace       used 57124K, capacity 57504K, committed 58368K, reserved 1097728K
  class space    used 10794K, capacity 10906K, committed 11008K, reserved 1048576K
GC Heap History (10 events):
Event: 2.659 GC heap after
Heap after GC invocations=2 (full 0):
 PSYoungGen      total 284672K, used 21498K [0x0000000780000000, 0x0000000792b00000, 0x00000007c0000000)
  eden space 263168K, 0% used [0x0000000780000000,0x0000000780000000,0x0000000790100000)
  from space 21504K, 99% used [0x0000000791600000,0x0000000792afe8e8,0x0000000792b00000)
  to   space 21504K, 0% used [0x0000000790100000,0x0000000790100000,0x0000000791600000)
 ParOldGen       total 349696K, used 31687K [0x0000000700000000, 0x0000000715580000, 0x0000000780000000)
  object space 349696K, 9% used [0x0000000700000000,0x0000000701ef1e58,0x0000000715580000)
 Metaspace       used 36718K, capacity 37026K, committed 37248K, reserved 1079296K
  class space    used 6381K, capacity 6452K, committed 6528K, reserved 1048576K
}
Event: 4.984 GC heap before
{Heap before GC invocations=3 (full 0):
 PSYoungGen      total 284672K, used 284666K [0x0000000780000000, 0x0000000792b00000, 0x00000007c0000000)
  eden space 263168K, 100% used [0x0000000780000000,0x0000000790100000,0x0000000790100000)
  from space 21504K, 99% used [0x0000000791600000,0x0000000792afe8e8,0x0000000792b00000)
  to   space 21504K, 0% used [0x0000000790100000,0x0000000790100000,0x0000000791600000)
 ParOldGen       total 349696K, used 31687K [0x0000000700000000, 0x0000000715580000, 0x0000000780000000)
  object space 349696K, 9% used [0x0000000700000000,0x0000000701ef1e58,0x0000000715580000)
 Metaspace       used 55491K, capacity 55916K, committed 56064K, reserved 1095680K
  class space    used 10381K, capacity 10466K, committed 10496K, reserved 1048576K
Event: 5.027 GC heap after
Heap after GC invocations=3 (full 0):
 PSYoungGen      total 284672K, used 21474K [0x0000000780000000, 0x00000007a2c00000, 0x00000007c0000000)
  eden space 263168K, 0% used [0x0000000780000000,0x0000000780000000,0x0000000790100000)
  from space 21504K, 99% used [0x0000000790100000,0x00000007915f8818,0x0000000791600000)
  to   space 21504K, 0% used [0x00000007a1700000,0x00000007a1700000,0x00000007a2c00000)
 ParOldGen       total 349696K, used 64158K [0x0000000700000000, 0x0000000715580000, 0x0000000780000000)
  object space 349696K, 18% used [0x0000000700000000,0x0000000703ea78d0,0x0000000715580000)
 Metaspace       used 55491K, capacity 55916K, committed 56064K, reserved 1095680K
  class space    used 10381K, capacity 10466K, committed 10496K, reserved 1048576K
}
Event: 5.810 GC heap before
{Heap before GC invocations=4 (full 0):
 PSYoungGen      total 284672K, used 157148K [0x0000000780000000, 0x00000007a2c00000, 0x00000007c0000000)
  eden space 263168K, 51% used [0x0000000780000000,0x000000078847e928,0x0000000790100000)
  from space 21504K, 99% used [0x0000000790100000,0x00000007915f8818,0x0000000791600000)
  to   space 21504K, 0% used [0x00000007a1700000,0x00000007a1700000,0x00000007a2c00000)
 ParOldGen       total 349696K, used 64158K [0x0000000700000000, 0x0000000715580000, 0x0000000780000000)
  object space 349696K, 18% used [0x0000000700000000,0x0000000703ea78d0,0x0000000715580000)
 Metaspace       used 57591K, capacity 58028K, committed 58368K, reserved 1097728K
  class space    used 10865K, capacity 10978K, committed 11008K, reserved 1048576K
Event: 5.837 GC heap after
Heap after GC invocations=4 (full 0):
 PSYoungGen      total 547840K, used 21483K [0x0000000780000000, 0x00000007a2c00000, 0x00000007c0000000)
  eden space 526336K, 0% used [0x0000000780000000,0x0000000780000000,0x00000007a0200000)
  from space 21504K, 99% used [0x00000007a1700000,0x00000007a2bfaed8,0x00000007a2c00000)
  to   space 21504K, 0% used [0x00000007a0200000,0x00000007a0200000,0x00000007a1700000)
 ParOldGen       total 349696K, used 68749K [0x0000000700000000, 0x0000000715580000, 0x0000000780000000)
  object space 349696K, 19% used [0x0000000700000000,0x0000000704323418,0x0000000715580000)
 Metaspace       used 57591K, capacity 58028K, committed 58368K, reserved 1097728K
  class space    used 10865K, capacity 10978K, committed 11008K, reserved 1048576K
}
Event: 5.837 GC heap before
{Heap before GC invocations=5 (full 1):
 PSYoungGen      total 547840K, used 21483K [0x0000000780000000, 0x00000007a2c00000, 0x00000007c0000000)
  eden space 526336K, 0% used [0x0000000780000000,0x0000000780000000,0x00000007a0200000)
  from space 21504K, 99% used [0x00000007a1700000,0x00000007a2bfaed8,0x00000007a2c00000)
  to   space 21504K, 0% used [0x00000007a0200000,0x00000007a0200000,0x00000007a1700000)
 ParOldGen       total 349696K, used 68749K [0x0000000700000000, 0x0000000715580000, 0x0000000780000000)
  object space 349696K, 19% used [0x0000000700000000,0x0000000704323418,0x0000000715580000)
 Metaspace       used 57591K, capacity 58028K, committed 58368K, reserved 1097728K
  class space    used 10865K, capacity 10978K, committed 11008K, reserved 1048576K
Event: 5.928 GC heap after
Heap after GC invocations=5 (full 1):
 PSYoungGen      total 547840K, used 0K [0x0000000780000000, 0x00000007a2c00000, 0x00000007c0000000)
  eden space 526336K, 0% used [0x0000000780000000,0x0000000780000000,0x00000007a0200000)
  from space 21504K, 0% used [0x00000007a1700000,0x00000007a1700000,0x00000007a2c00000)
  to   space 21504K, 0% used [0x00000007a0200000,0x00000007a0200000,0x00000007a1700000)
 ParOldGen       total 349696K, used 14334K [0x0000000700000000, 0x0000000715580000, 0x0000000780000000)
  object space 349696K, 4% used [0x0000000700000000,0x0000000700dffb18,0x0000000715580000)
 Metaspace       used 57122K, capacity 57504K, committed 58368K, reserved 1097728K
  class space    used 10793K, capacity 10906K, committed 11008K, reserved 1048576K
}
Event: 5.929 GC heap before
{Heap before GC invocations=6 (full 1):
 PSYoungGen      total 547840K, used 7555K [0x0000000780000000, 0x00000007a2c00000, 0x00000007c0000000)
  eden space 526336K, 1% used [0x0000000780000000,0x0000000780760ea0,0x00000007a0200000)
  from space 21504K, 0% used [0x00000007a1700000,0x00000007a1700000,0x00000007a2c00000)
  to   space 21504K, 0% used [0x00000007a0200000,0x00000007a0200000,0x00000007a1700000)
 ParOldGen       total 349696K, used 14334K [0x0000000700000000, 0x0000000715580000, 0x0000000780000000)
  object space 349696K, 4% used [0x0000000700000000,0x0000000700dffb18,0x0000000715580000)
 Metaspace       used 57124K, capacity 57504K, committed 58368K, reserved 1097728K
  class space    used 10794K, capacity 10906K, committed 11008K, reserved 1048576K
Event: 5.930 GC heap after
Heap after GC invocations=6 (full 1):
 PSYoungGen      total 547840K, used 96K [0x0000000780000000, 0x00000007a2c00000, 0x00000007c0000000)
  eden space 526336K, 0% used [0x0000000780000000,0x0000000780000000,0x00000007a0200000)
  from space 21504K, 0% used [0x00000007a0200000,0x00000007a0218000,0x00000007a1700000)
  to   space 21504K, 0% used [0x00000007a1700000,0x00000007a1700000,0x00000007a2c00000)
 ParOldGen       total 349696K, used 14334K [0x0000000700000000, 0x0000000715580000, 0x0000000780000000)
  object space 349696K, 4% used [0x0000000700000000,0x0000000700dffb18,0x0000000715580000)
 Metaspace       used 57124K, capacity 57504K, committed 58368K, reserved 1097728K
  class space    used 10794K, capacity 10906K, committed 11008K, reserved 1048576K
}
Event: 5.930 GC heap before
{Heap before GC invocations=7 (full 2):
 PSYoungGen      total 547840K, used 96K [0x0000000780000000, 0x00000007a2c00000, 0x00000007c0000000)
  eden space 526336K, 0% used [0x0000000780000000,0x0000000780000000,0x00000007a0200000)
  from space 21504K, 0% used [0x00000007a0200000,0x00000007a0218000,0x00000007a1700000)
  to   space 21504K, 0% used [0x00000007a1700000,0x00000007a1700000,0x00000007a2c00000)
 ParOldGen       total 349696K, used 14334K [0x0000000700000000, 0x0000000715580000, 0x0000000780000000)
  object space 349696K, 4% used [0x0000000700000000,0x0000000700dffb18,0x0000000715580000)
 Metaspace       used 57124K, capacity 57504K, committed 58368K, reserved 1097728K
  class space    used 10794K, capacity 10906K, committed 11008K, reserved 1048576K

